TN:
SF:src/modules/users/services/AuthenticateUserService.ts
FN:23,AuthenticateUserService
FN:30,Object.<anonymous>.AuthenticateUserService.execute
FNF:2
FNH:2
FNDA:3,AuthenticateUserService
FNDA:3,Object.<anonymous>.AuthenticateUserService.execute
DA:1,1
DA:2,1
DA:3,1
DA:4,1
DA:5,1
DA:6,1
DA:7,1
DA:8,1
DA:9,1
DA:10,1
DA:11,1
DA:12,1
DA:13,1
DA:14,1
DA:15,1
DA:16,1
DA:17,1
DA:18,1
DA:19,1
DA:20,1
DA:21,1
DA:22,1
DA:23,1
DA:24,3
DA:25,3
DA:26,3
DA:27,3
DA:28,3
DA:29,1
DA:30,1
DA:31,3
DA:32,3
DA:33,3
DA:34,1
DA:35,1
DA:36,2
DA:37,2
DA:38,2
DA:39,2
DA:40,2
DA:41,3
DA:42,3
DA:43,1
DA:44,1
DA:45,1
DA:46,1
DA:47,1
DA:48,1
DA:49,1
DA:50,1
DA:51,1
DA:52,1
DA:53,1
DA:54,3
DA:55,3
DA:56,3
DA:57,1
DA:58,1
DA:59,1
DA:60,1
LF:60
LH:60
BRDA:22,0,0,1
BRDA:23,1,0,3
BRDA:30,2,0,3
BRDA:31,3,0,3
BRDA:33,4,0,1
BRDA:36,5,0,2
BRDA:42,6,0,1
BRF:7
BRH:7
end_of_record
TN:
SF:src/modules/users/services/CreateUserService.ts
FN:10,CreateUserService
FN:17,Object.<anonymous>.CreateUserService.execute
FNF:2
FNH:2
FNDA:10,CreateUserService
FNDA:11,Object.<anonymous>.CreateUserService.execute
DA:1,1
DA:2,1
DA:3,1
DA:4,1
DA:5,1
DA:6,1
DA:7,1
DA:8,1
DA:9,5
DA:10,5
DA:11,10
DA:12,10
DA:13,10
DA:14,10
DA:15,10
DA:16,5
DA:17,5
DA:18,11
DA:19,11
DA:20,11
DA:21,11
DA:22,1
DA:23,1
DA:24,10
DA:25,10
DA:26,11
DA:27,11
DA:28,11
DA:29,11
DA:30,11
DA:31,5
DA:32,1
DA:33,1
LF:33
LH:33
BRDA:9,0,0,5
BRDA:10,1,0,10
BRDA:17,2,0,11
BRDA:19,3,0,11
BRDA:21,4,0,1
BRDA:24,5,0,10
BRF:6
BRH:6
end_of_record
TN:
SF:src/modules/users/services/DeleteUserService.ts
FN:7,DeleteUserService
FN:12,Object.<anonymous>.DeleteUserService.execute
FNF:2
FNH:2
FNDA:2,DeleteUserService
FNDA:2,Object.<anonymous>.DeleteUserService.execute
DA:1,1
DA:2,1
DA:3,1
DA:4,1
DA:5,1
DA:6,1
DA:7,1
DA:8,2
DA:9,2
DA:10,2
DA:11,1
DA:12,1
DA:13,2
DA:14,2
DA:15,2
DA:16,2
DA:17,0
DA:18,0
DA:19,2
DA:20,2
DA:21,2
DA:22,1
DA:23,1
DA:24,1
LF:24
LH:22
BRDA:6,0,0,1
BRDA:7,1,0,2
BRDA:12,2,0,2
BRDA:16,3,0,0
BRF:4
BRH:3
end_of_record
TN:
SF:src/modules/users/services/ShowAllUsersService.ts
FN:7,ShowAllUsersService
FN:12,Object.<anonymous>.ShowAllUsersService.execute
FNF:2
FNH:2
FNDA:1,ShowAllUsersService
FNDA:1,Object.<anonymous>.ShowAllUsersService.execute
DA:1,1
DA:2,1
DA:3,1
DA:4,1
DA:5,1
DA:6,1
DA:7,1
DA:8,1
DA:9,1
DA:10,1
DA:11,1
DA:12,1
DA:13,1
DA:14,1
DA:15,1
DA:16,1
DA:17,1
DA:18,1
DA:19,1
LF:19
LH:19
BRDA:6,0,0,1
BRDA:7,1,0,1
BRDA:12,2,0,1
BRDA:14,3,0,1
BRF:4
BRH:4
end_of_record
TN:
SF:src/modules/users/services/UpdateUserService.ts
FN:12,UpdateUserService
FN:17,Object.<anonymous>.UpdateUserService.execute
FNF:2
FNH:2
FNDA:2,UpdateUserService
FNDA:2,Object.<anonymous>.UpdateUserService.execute
DA:1,1
DA:2,1
DA:3,1
DA:4,1
DA:5,1
DA:6,1
DA:7,1
DA:8,1
DA:9,1
DA:10,1
DA:11,1
DA:12,1
DA:13,2
DA:14,2
DA:15,2
DA:16,1
DA:17,1
DA:18,2
DA:19,2
DA:20,2
DA:21,2
DA:22,1
DA:23,1
DA:24,0
DA:25,0
DA:26,2
DA:27,2
DA:28,2
DA:29,2
DA:30,2
DA:31,2
DA:32,2
DA:33,2
DA:34,2
DA:35,1
DA:36,1
DA:37,1
LF:37
LH:35
BRDA:11,0,0,1
BRDA:12,1,0,2
BRDA:17,2,0,2
BRDA:19,3,0,2
BRDA:21,4,0,1
BRDA:24,5,0,0
BRF:6
BRH:5
end_of_record
